Determining if the pthread_create exist failed with the following output:
Change Dir: /h/u11/c5/00/yangluy1/418/computer-graphics-shader-pipeline/build/CMakeFiles/CMakeTmp

Run Build Command:"/local/bin/gmake" "cmTC_9c38d/fast"
/local/bin/gmake -f CMakeFiles/cmTC_9c38d.dir/build.make CMakeFiles/cmTC_9c38d.dir/build
gmake[1]: Entering directory '/h/u11/c5/00/yangluy1/418/computer-graphics-shader-pipeline/build/CMakeFiles/CMakeTmp'
Building C object CMakeFiles/cmTC_9c38d.dir/CheckSymbolExists.c.o
/usr/bin/cc     -o CMakeFiles/cmTC_9c38d.dir/CheckSymbolExists.c.o   -c /h/u11/c5/00/yangluy1/418/computer-graphics-shader-pipeline/build/CMakeFiles/CMakeTmp/CheckSymbolExists.c
Linking C executable cmTC_9c38d
/usr/bin/cmake -E cmake_link_script CMakeFiles/cmTC_9c38d.dir/link.txt --verbose=1
/usr/bin/cc       CMakeFiles/cmTC_9c38d.dir/CheckSymbolExists.c.o  -o cmTC_9c38d -rdynamic 
CMakeFiles/cmTC_9c38d.dir/CheckSymbolExists.c.o: In function `main':
CheckSymbolExists.c:(.text+0x16): undefined reference to `pthread_create'
collect2: error: ld returned 1 exit status
CMakeFiles/cmTC_9c38d.dir/build.make:97: recipe for target 'cmTC_9c38d' failed
gmake[1]: *** [cmTC_9c38d] Error 1
gmake[1]: Leaving directory '/h/u11/c5/00/yangluy1/418/computer-graphics-shader-pipeline/build/CMakeFiles/CMakeTmp'
Makefile:126: recipe for target 'cmTC_9c38d/fast' failed
gmake: *** [cmTC_9c38d/fast] Error 2

File /h/u11/c5/00/yangluy1/418/computer-graphics-shader-pipeline/build/CMakeFiles/CMakeTmp/CheckSymbolExists.c:
/* */
#include <pthread.h>

int main(int argc, char** argv)
{
  (void)argv;
#ifndef pthread_create
  return ((int*)(&pthread_create))[argc];
#else
  (void)argc;
  return 0;
#endif
}

Determining if the function pthread_create exists in the pthreads failed with the following output:
Change Dir: /h/u11/c5/00/yangluy1/418/computer-graphics-shader-pipeline/build/CMakeFiles/CMakeTmp

Run Build Command:"/local/bin/gmake" "cmTC_d714f/fast"
/local/bin/gmake -f CMakeFiles/cmTC_d714f.dir/build.make CMakeFiles/cmTC_d714f.dir/build
gmake[1]: Entering directory '/h/u11/c5/00/yangluy1/418/computer-graphics-shader-pipeline/build/CMakeFiles/CMakeTmp'
Building C object CMakeFiles/cmTC_d714f.dir/CheckFunctionExists.c.o
/usr/bin/cc    -DCHECK_FUNCTION_EXISTS=pthread_create   -o CMakeFiles/cmTC_d714f.dir/CheckFunctionExists.c.o   -c /usr/share/cmake-3.5/Modules/CheckFunctionExists.c
Linking C executable cmTC_d714f
/usr/bin/cmake -E cmake_link_script CMakeFiles/cmTC_d714f.dir/link.txt --verbose=1
/usr/bin/cc   -DCHECK_FUNCTION_EXISTS=pthread_create    CMakeFiles/cmTC_d714f.dir/CheckFunctionExists.c.o  -o cmTC_d714f -rdynamic -lpthreads 
/usr/bin/ld: cannot find -lpthreads
collect2: error: ld returned 1 exit status
CMakeFiles/cmTC_d714f.dir/build.make:97: recipe for target 'cmTC_d714f' failed
gmake[1]: *** [cmTC_d714f] Error 1
gmake[1]: Leaving directory '/h/u11/c5/00/yangluy1/418/computer-graphics-shader-pipeline/build/CMakeFiles/CMakeTmp'
Makefile:126: recipe for target 'cmTC_d714f/fast' failed
gmake: *** [cmTC_d714f/fast] Error 2


